<?xml version="1.0" encoding="UTF-8"?>
<!-- Generated by org.testng.reporters.JUnitReportReporter -->
<testsuite hostname="DESKTOP-0934HOR" failures="0" tests="2" name="learntestng.ClassTwo" time="0.021" errors="0" timestamp="2023-05-22T18:27:46 IST" skipped="0">
  <testcase classname="learntestng.ClassTwo" name="nameD" time="0.012"/>
  <system-out/>
  <testcase classname="learntestng.ClassTwo" name="nameE" time="0.009"/>
  <system-out/>
</testsuite> <!-- learntestng.ClassTwo -->
