<?xml version="1.0" encoding="UTF-8"?>
<!-- Generated by org.testng.reporters.JUnitReportReporter -->
<testsuite hostname="DESKTOP-7O5B70S" failures="0" tests="1" name="com.trello.qspiders.endtoend.SwiggyOrder" time="56.298" errors="0" timestamp="2023-10-15T15:00:28 IST" skipped="0">
  <testcase classname="com.trello.qspiders.endtoend.SwiggyOrder" name="orderBiryani" time="56.298"/>
  <system-out/>
</testsuite> <!-- com.trello.qspiders.endtoend.SwiggyOrder -->
