<?xml version="1.0" encoding="UTF-8"?>
<!-- Generated by org.testng.reporters.JUnitReportReporter -->
<testsuite hostname="DESKTOP-0934HOR" failures="0" tests="5" name="takingscreenshot.LearnToMoveScreenShot" time="81.940" errors="0" timestamp="2023-05-25T17:40:02 IST" skipped="0">
  <testcase classname="takingscreenshot.LearnToMoveScreenShot" name="myFirstScreenShot" time="22.211"/>
  <system-out/>
  <testcase classname="takingscreenshot.LearnToMoveScreenShot" name="myFirstScreenShot" time="12.931"/>
  <system-out/>
  <testcase classname="takingscreenshot.LearnToMoveScreenShot" name="myFirstScreenShot" time="17.372"/>
  <system-out/>
  <testcase classname="takingscreenshot.LearnToMoveScreenShot" name="myFirstScreenShot" time="15.302"/>
  <system-out/>
  <testcase classname="takingscreenshot.LearnToMoveScreenShot" name="myFirstScreenShot" time="14.124"/>
  <system-out/>
</testsuite> <!-- takingscreenshot.LearnToMoveScreenShot -->
