<?xml version="1.0" encoding="UTF-8"?>
<!-- Generated by org.testng.reporters.JUnitReportReporter -->
<testsuite hostname="DESKTOP-0934HOR" failures="0" tests="4" name="learntestng.BringDataFromAnotherClass" time="0.021" errors="0" timestamp="2023-05-26T18:14:59 IST" skipped="0">
  <testcase classname="learntestng.BringDataFromAnotherClass" name="bookMyFlightTickets" time="0.003"/>
  <system-out/>
  <testcase classname="learntestng.BringDataFromAnotherClass" name="bookMyFlightTickets" time="0.010"/>
  <system-out/>
  <testcase classname="learntestng.BringDataFromAnotherClass" name="bookMyFlightTickets" time="0.006"/>
  <system-out/>
  <testcase classname="learntestng.BringDataFromAnotherClass" name="bookMyFlightTickets" time="0.002"/>
  <system-out/>
</testsuite> <!-- learntestng.BringDataFromAnotherClass -->
