<?xml version="1.0" encoding="UTF-8"?>
<!-- Generated by org.testng.reporters.JUnitReportReporter -->
<testsuite hostname="DESKTOP-0934HOR" failures="0" tests="2" name="learntestng.Check" time="0.035" errors="0" timestamp="2023-05-26T17:31:47 IST" skipped="0">
  <testcase classname="learntestng.Check" name="testCase" time="0.018"/>
  <system-out/>
  <testcase classname="learntestng.Check" name="testCase" time="0.017"/>
  <system-out/>
</testsuite> <!-- learntestng.Check -->
