<?xml version="1.0" encoding="UTF-8"?>
<!-- Generated by org.testng.reporters.JUnitReportReporter -->
<testsuite hostname="DESKTOP-0934HOR" failures="0" tests="3" name="learntestng.ClassOne" time="0.066" errors="0" timestamp="2023-05-22T18:27:46 IST" skipped="0">
  <testcase classname="learntestng.ClassOne" name="nameB" time="0.009"/>
  <system-out/>
  <testcase classname="learntestng.ClassOne" name="nameA" time="0.049"/>
  <system-out/>
  <testcase classname="learntestng.ClassOne" name="nameC" time="0.008"/>
  <system-out/>
</testsuite> <!-- learntestng.ClassOne -->
