<?xml version="1.0" encoding="UTF-8"?>
<!-- Generated by org.testng.reporters.JUnitReportReporter -->
<testsuite hostname="DESKTOP-0934HOR" failures="0" tests="1" name="com.trello.qspiders.endtoend.TrelloBoards" time="15.115" errors="0" timestamp="2023-05-27T17:59:45 IST" skipped="0">
  <testcase classname="com.trello.qspiders.endtoend.TrelloBoards" name="createMultipleBoards" time="15.115"/>
  <system-out/>
</testsuite> <!-- com.trello.qspiders.endtoend.TrelloBoards -->
