<?xml version="1.0" encoding="UTF-8"?>
<!-- Generated by org.testng.reporters.JUnitReportReporter -->
<testsuite hostname="DESKTOP-0934HOR" failures="0" tests="4" name="learntestng.GetTogether" time="0.032" errors="0" timestamp="2023-05-26T18:10:28 IST" skipped="0">
  <testcase classname="learntestng.GetTogether" name="bookMyFlightTickets" time="0.009"/>
  <system-out/>
  <testcase classname="learntestng.GetTogether" name="bookMyFlightTickets" time="0.014"/>
  <system-out/>
  <testcase classname="learntestng.GetTogether" name="bookMyFlightTickets" time="0.006"/>
  <system-out/>
  <testcase classname="learntestng.GetTogether" name="bookMyFlightTickets" time="0.003"/>
  <system-out/>
</testsuite> <!-- learntestng.GetTogether -->
