<?xml version="1.0" encoding="UTF-8"?>
<!-- Generated by org.testng.reporters.JUnitReportReporter -->
<testsuite hostname="DESKTOP-0934HOR" failures="0" tests="3" name="learntestng.ClassThree" time="0.015" errors="0" timestamp="2023-05-22T18:27:46 IST" skipped="0">
  <testcase classname="learntestng.ClassThree" name="nameF" time="0.002"/>
  <system-out/>
  <testcase classname="learntestng.ClassThree" name="nameH" time="0.007"/>
  <system-out/>
  <testcase classname="learntestng.ClassThree" name="nameG" time="0.006"/>
  <system-out/>
</testsuite> <!-- learntestng.ClassThree -->
