<?xml version="1.0" encoding="UTF-8"?>
<!-- Generated by org.testng.reporters.JUnitReportReporter -->
<testsuite hostname="DESKTOP-0934HOR" failures="0" tests="2" name="learntestng.ActiTimeLogin" time="22.564" errors="0" timestamp="2023-05-26T17:36:42 IST" skipped="0">
  <testcase classname="learntestng.ActiTimeLogin" name="loginToActitime" time="11.283"/>
  <system-out/>
  <testcase classname="learntestng.ActiTimeLogin" name="loginToActitime" time="11.281"/>
  <system-out/>
</testsuite> <!-- learntestng.ActiTimeLogin -->
